
**************************************************
***Dell Get Dock Version started on 10/11/2020 at 22:01:09***
Command: C:\Windows\TEMP\inv5FE7_tmp_1\TBT_Dock_Firmware\GetDockVer32W.exe /o= ..\TB_Dock_Inv.xml

WSMT Supported: using WMI commands
Error: No dock attached
Error: No Dock found or cannot communicate to the Dock. Exit the program.

**************************************************
***Dell Get Dock Version started on 10/12/2020 at 19:47:49***
Command: C:\Windows\TEMP\invA5C0_tmp\TBT_Dock_Firmware\GetDockVer32W.exe /o= ..\TB_Dock_Inv.xml

WSMT Supported: using WMI commands
Error: No dock attached
Error: No Dock found or cannot communicate to the Dock. Exit the program.

**************************************************
***Dell Get Dock Version started on 10/25/2020 at 19:00:31***
Command: C:\Windows\TEMP\invF2BE_tmp\TBT_Dock_Firmware\GetDockVer32W.exe /o= ..\TB_Dock_Inv.xml

WSMT Supported: using WMI commands
Error: No dock attached
Error: No Dock found or cannot communicate to the Dock. Exit the program.

**************************************************
***Dell Get Dock Version started on 11/2/2020 at 13:47:47***
Command: C:\Windows\TEMP\invE5F4_tmp\TBT_Dock_Firmware\GetDockVer32W.exe /o= ..\TB_Dock_Inv.xml

WSMT Supported: using WMI commands
Error: No dock attached
Error: No Dock found or cannot communicate to the Dock. Exit the program.

**************************************************
***Dell Get Dock Version started on 11/3/2020 at 10:20:29***
Command: C:\Windows\TEMP\inv95ED_tmp\TBT_Dock_Firmware\GetDockVer32W.exe /o= ..\TB_Dock_Inv.xml

WSMT Supported: using WMI commands
Error: No dock attached
Error: No Dock found or cannot communicate to the Dock. Exit the program.

**************************************************
***Dell Get Dock Version started on 11/5/2020 at 16:16:58***
Command: C:\Windows\TEMP\inv9A65_tmp\TBT_Dock_Firmware\GetDockVer32W.exe /o= ..\TB_Dock_Inv.xml

WSMT Supported: using WMI commands
Error: No dock attached
Error: No Dock found or cannot communicate to the Dock. Exit the program.

**************************************************
***Dell Get Dock Version started on 11/6/2020 at 10:20:27***
Command: C:\Windows\TEMP\inv7229_tmp\TBT_Dock_Firmware\GetDockVer32W.exe /o= ..\TB_Dock_Inv.xml

WSMT Supported: using WMI commands
Error: No dock attached
Error: No Dock found or cannot communicate to the Dock. Exit the program.

**************************************************
***Dell Get Dock Version started on 11/9/2020 at 10:21:24***
Command: C:\Windows\TEMP\inv6E37_tmp\TBT_Dock_Firmware\GetDockVer32W.exe /o= ..\TB_Dock_Inv.xml

WSMT Supported: using WMI commands
Error: No dock attached
Error: No Dock found or cannot communicate to the Dock. Exit the program.

**************************************************
***Dell Get Dock Version started on 11/12/2020 at 10:20:50***
Command: C:\Windows\TEMP\invEA94_tmp\TBT_Dock_Firmware\GetDockVer32W.exe /o= ..\TB_Dock_Inv.xml

WSMT Supported: using WMI commands
Error: No dock attached
Error: No Dock found or cannot communicate to the Dock. Exit the program.

**************************************************
***Dell Get Dock Version started on 11/12/2020 at 16:03:02***
Command: C:\Windows\TEMP\inv37C7_tmp\TBT_Dock_Firmware\GetDockVer32W.exe /o= ..\TB_Dock_Inv.xml

WSMT Supported: using WMI commands
Error: No dock attached
Error: No Dock found or cannot communicate to the Dock. Exit the program.

**************************************************
***Dell Get Dock Version started on 11/15/2020 at 10:20:32***
Command: C:\Windows\TEMP\invBD16_tmp\TBT_Dock_Firmware\GetDockVer32W.exe /o= ..\TB_Dock_Inv.xml

WSMT Supported: using WMI commands
Error: No dock attached
Error: No Dock found or cannot communicate to the Dock. Exit the program.

**************************************************
***Dell Get Dock Version started on 11/18/2020 at 10:21:21***
Command: C:\Windows\TEMP\invF83E_tmp\TBT_Dock_Firmware\GetDockVer32W.exe /o= ..\TB_Dock_Inv.xml

WSMT Supported: using WMI commands
Error: No dock attached
Error: No Dock found or cannot communicate to the Dock. Exit the program.

**************************************************
***Dell Get Dock Version started on 11/19/2020 at 16:26:19***
Command: C:\Windows\TEMP\inv7E4A_tmp\TBT_Dock_Firmware\GetDockVer32W.exe /o= ..\TB_Dock_Inv.xml

WSMT Supported: using WMI commands
Error: No dock attached
Error: No Dock found or cannot communicate to the Dock. Exit the program.

**************************************************
***Dell Get Dock Version started on 11/21/2020 at 10:20:48***
Command: C:\Windows\TEMP\inv92C0_tmp\TBT_Dock_Firmware\GetDockVer32W.exe /o= ..\TB_Dock_Inv.xml

WSMT Supported: using WMI commands
Error: No dock attached
Error: No Dock found or cannot communicate to the Dock. Exit the program.

**************************************************
***Dell Get Dock Version started on 11/24/2020 at 10:20:58***
Command: C:\Windows\TEMP\invD68A_tmp\TBT_Dock_Firmware\GetDockVer32W.exe /o= ..\TB_Dock_Inv.xml

WSMT Supported: using WMI commands
Error: No dock attached
Error: No Dock found or cannot communicate to the Dock. Exit the program.

**************************************************
***Dell Get Dock Version started on 11/27/2020 at 10:21:15***
Command: C:\Windows\TEMP\inv302E_tmp\TBT_Dock_Firmware\GetDockVer32W.exe /o= ..\TB_Dock_Inv.xml

WSMT Supported: using WMI commands
Error: No dock attached
Error: No Dock found or cannot communicate to the Dock. Exit the program.

**************************************************
***Dell Get Dock Version started on 11/27/2020 at 16:24:21***
Command: C:\Windows\TEMP\invA0CB_tmp\TBT_Dock_Firmware\GetDockVer32W.exe /o= ..\TB_Dock_Inv.xml

WSMT Supported: using WMI commands
Error: No dock attached
Error: No Dock found or cannot communicate to the Dock. Exit the program.

**************************************************
***Dell Get Dock Version started on 11/30/2020 at 10:21:03***
Command: C:\Windows\TEMP\inv1DBA_tmp\TBT_Dock_Firmware\GetDockVer32W.exe /o= ..\TB_Dock_Inv.xml

WSMT Supported: using WMI commands
Error: No dock attached
Error: No Dock found or cannot communicate to the Dock. Exit the program.

**************************************************
***Dell Get Dock Version started on 12/3/2020 at 10:20:27***
Command: C:\Windows\TEMP\inv5FD3_tmp\TBT_Dock_Firmware\GetDockVer32W.exe /o= ..\TB_Dock_Inv.xml

WSMT Supported: using WMI commands
Error: No dock attached
Error: No Dock found or cannot communicate to the Dock. Exit the program.

**************************************************
***Dell Get Dock Version started on 12/6/2020 at 18:47:31***
Command: C:\Windows\TEMP\inv2E1B_tmp\TBT_Dock_Firmware\GetDockVer32W.exe /o= ..\TB_Dock_Inv.xml

WSMT Supported: using WMI commands
Error: No dock attached
Error: No Dock found or cannot communicate to the Dock. Exit the program.

**************************************************
***Dell Get Dock Version started on 12/9/2020 at 10:21:04***
Command: C:\Windows\TEMP\invA76D_tmp\TBT_Dock_Firmware\GetDockVer32W.exe /o= ..\TB_Dock_Inv.xml

WSMT Supported: using WMI commands
Error: No dock attached
Error: No Dock found or cannot communicate to the Dock. Exit the program.

**************************************************
***Dell Get Dock Version started on 12/10/2020 at 16:03:00***
Command: C:\Windows\TEMP\invDFA_tmp\TBT_Dock_Firmware\GetDockVer32W.exe /o= ..\TB_Dock_Inv.xml

WSMT Supported: using WMI commands
Error: No dock attached
Error: No Dock found or cannot communicate to the Dock. Exit the program.

**************************************************
***Dell Get Dock Version started on 12/12/2020 at 10:20:39***
Command: C:\Windows\TEMP\invB216_tmp\TBT_Dock_Firmware\GetDockVer32W.exe /o= ..\TB_Dock_Inv.xml

WSMT Supported: using WMI commands
Error: No dock attached
Error: No Dock found or cannot communicate to the Dock. Exit the program.

**************************************************
***Dell Get Dock Version started on 12/15/2020 at 10:20:54***
Command: C:\Windows\TEMP\inv9FAA_tmp\TBT_Dock_Firmware\GetDockVer32W.exe /o= ..\TB_Dock_Inv.xml

WSMT Supported: using WMI commands
Error: No dock attached
Error: No Dock found or cannot communicate to the Dock. Exit the program.

**************************************************
***Dell Get Dock Version started on 12/17/2020 at 16:01:02***
Command: C:\Windows\TEMP\inv54D0_tmp\TBT_Dock_Firmware\GetDockVer32W.exe /o= ..\TB_Dock_Inv.xml

WSMT Supported: using WMI commands
Error: No dock attached
Error: No Dock found or cannot communicate to the Dock. Exit the program.

**************************************************
***Dell Get Dock Version started on 12/18/2020 at 10:21:14***
Command: C:\Windows\TEMP\inv6C00_tmp\TBT_Dock_Firmware\GetDockVer32W.exe /o= ..\TB_Dock_Inv.xml

WSMT Supported: using WMI commands
Error: No dock attached
Error: No Dock found or cannot communicate to the Dock. Exit the program.

**************************************************
***Dell Get Dock Version started on 12/21/2020 at 10:21:11***
Command: C:\Windows\TEMP\inv7B1E_tmp\TBT_Dock_Firmware\GetDockVer32W.exe /o= ..\TB_Dock_Inv.xml

WSMT Supported: using WMI commands
Error: No dock attached
Error: No Dock found or cannot communicate to the Dock. Exit the program.

**************************************************
***Dell Get Dock Version started on 12/24/2020 at 10:20:56***
Command: C:\Windows\TEMP\inv6CA8_tmp\TBT_Dock_Firmware\GetDockVer32W.exe /o= ..\TB_Dock_Inv.xml

WSMT Supported: using WMI commands
Error: No dock attached
Error: No Dock found or cannot communicate to the Dock. Exit the program.

**************************************************
***Dell Get Dock Version started on 12/24/2020 at 16:12:08***
Command: C:\Windows\TEMP\invF612_tmp\TBT_Dock_Firmware\GetDockVer32W.exe /o= ..\TB_Dock_Inv.xml

WSMT Supported: using WMI commands
Error: No dock attached
Error: No Dock found or cannot communicate to the Dock. Exit the program.

**************************************************
***Dell Get Dock Version started on 12/27/2020 at 10:21:14***
Command: C:\Windows\TEMP\inv56A1_tmp\TBT_Dock_Firmware\GetDockVer32W.exe /o= ..\TB_Dock_Inv.xml

WSMT Supported: using WMI commands
Error: No dock attached
Error: No Dock found or cannot communicate to the Dock. Exit the program.

**************************************************
***Dell Get Dock Version started on 12/30/2020 at 10:21:02***
Command: C:\Windows\TEMP\invC206_tmp\TBT_Dock_Firmware\GetDockVer32W.exe /o= ..\TB_Dock_Inv.xml

WSMT Supported: using WMI commands
Error: No dock attached
Error: No Dock found or cannot communicate to the Dock. Exit the program.

**************************************************
***Dell Get Dock Version started on 12/31/2020 at 16:05:54***
Command: C:\Windows\TEMP\invD95B_tmp\TBT_Dock_Firmware\GetDockVer32W.exe /o= ..\TB_Dock_Inv.xml

WSMT Supported: using WMI commands
Error: No dock attached
Error: No Dock found or cannot communicate to the Dock. Exit the program.
